[2017-08-14 10:32:41] local.ERROR: exception 'PDOException' with message 'SQLSTATE[HY000] [1045] Access denied for user 'root'@'localhost' (using password: YES)' in F:\XNJ\PhpStudy\WWW\php32\vendor\laravel\framework\src\Illuminate\Database\Connectors\Connector.php:55
Stack trace:
#0 F:\XNJ\PhpStudy\WWW\php32\vendor\laravel\framework\src\Illuminate\Database\Connectors\Connector.php(55): PDO->__construct('mysql:host=127....', 'root', 'root', Array)
#1 F:\XNJ\PhpStudy\WWW\php32\vendor\laravel\framework\src\Illuminate\Database\Connectors\MySqlConnector.php(24): Illuminate\Database\Connectors\Connector->createConnection('mysql:host=127....', Array, Array)
#2 F:\XNJ\PhpStudy\WWW\php32\vendor\laravel\framework\src\Illuminate\Database\Connectors\ConnectionFactory.php(61): Illuminate\Database\Connectors\MySqlConnector->connect(Array)
#3 [internal function]: Illuminate\Database\Connectors\ConnectionFactory->Illuminate\Database\Connectors\{closure}()
#4 F:\XNJ\PhpStudy\WWW\php32\vendor\laravel\framework\src\Illuminate\Database\Connection.php(908): call_user_func(Object(Closure))
#5 F:\XNJ\PhpStudy\WWW\php32\vendor\laravel\framework\src\Illuminate\Database\Connection.php(776): Illuminate\Database\Connection->getPdo()
#6 F:\XNJ\PhpStudy\WWW\php32\vendor\laravel\framework\src\Illuminate\Database\Connection.php(661): Illuminate\Database\Connection->reconnectIfMissingConnection()
#7 F:\XNJ\PhpStudy\WWW\php32\vendor\laravel\framework\src\Illuminate\Database\Connection.php(342): Illuminate\Database\Connection->run('select * from `...', Array, Object(Closure))
#8 F:\XNJ\PhpStudy\WWW\php32\vendor\laravel\framework\src\Illuminate\Database\Query\Builder.php(1583): Illuminate\Database\Connection->select('select * from `...', Array, true)
#9 F:\XNJ\PhpStudy\WWW\php32\vendor\laravel\framework\src\Illuminate\Database\Query\Builder.php(1569): Illuminate\Database\Query\Builder->runSelect()
#10 F:\XNJ\PhpStudy\WWW\php32\vendor\laravel\framework\src\Illuminate\Database\Eloquent\Builder.php(624): Illuminate\Database\Query\Builder->get(Array)
#11 F:\XNJ\PhpStudy\WWW\php32\vendor\laravel\framework\src\Illuminate\Database\Eloquent\Builder.php(316): Illuminate\Database\Eloquent\Builder->getModels(Array)
#12 [internal function]: Illuminate\Database\Eloquent\Builder->get()
#13 F:\XNJ\PhpStudy\WWW\php32\vendor\laravel\framework\src\Illuminate\Database\Eloquent\Model.php(3506): call_user_func_array(Array, Array)
#14 F:\XNJ\PhpStudy\WWW\php32\app\Http\Model\Category.php(35): Illuminate\Database\Eloquent\Model->__call('get', Array)
#15 F:\XNJ\PhpStudy\WWW\php32\app\Http\Model\Category.php(35): App\Http\Model\Category->get()
#16 F:\XNJ\PhpStudy\WWW\php32\app\Http\Model\Category.php(46): App\Http\Model\Category->getTree()
#17 F:\XNJ\PhpStudy\WWW\php32\app\Http\Controllers\Home\IndexController.php(28): App\Http\Model\Category->handle_category_data()
#18 [internal function]: App\Http\Controllers\Home\IndexController->index(Object(Illuminate\Http\Request))
#19 F:\XNJ\PhpStudy\WWW\php32\vendor\laravel\framework\src\Illuminate\Routing\Controller.php(80): call_user_func_array(Array, Array)
#20 F:\XNJ\PhpStudy\WWW\php32\vendor\laravel\framework\src\Illuminate\Routing\ControllerDispatcher.php(146): Illuminate\Routing\Controller->callAction('index', Array)
#21 F:\XNJ\PhpStudy\WWW\php32\vendor\laravel\framework\src\Illuminate\Routing\ControllerDispatcher.php(94): Illuminate\Routing\ControllerDispatcher->call(Object(App\Http\Controllers\Home\IndexController), Object(Illuminate\Routing\Route), 'index')
#22 [internal function]: Illuminate\Routing\ControllerDispatcher->Illuminate\Routing\{closure}(Object(Illuminate\Http\Request))
#23 F:\XNJ\PhpStudy\WWW\php32\vendor\laravel\framework\src\Illuminate\Routing\Pipeline.php(52): call_user_func(Object(Closure), Object(Illuminate\Http\Request))
#24 [internal function]: Illuminate\Routing\Pipeline->Illuminate\Routing\{closure}(Object(Illuminate\Http\Request))
#25 F:\XNJ\PhpStudy\WWW\php32\vendor\laravel\framework\src\Illuminate\Pipeline\Pipeline.php(103): call_user_func(Object(Closure), Object(Illuminate\Http\Request))
#26 F:\XNJ\PhpStudy\WWW\php32\vendor\laravel\framework\src\Illuminate\Routing\ControllerDispatcher.php(96): Illuminate\Pipeline\Pipeline->then(Object(Closure))
#27 F:\XNJ\PhpStudy\WWW\php32\vendor\laravel\framework\src\Illuminate\Routing\ControllerDispatcher.php(54): Illuminate\Routing\ControllerDispatcher->callWithinStack(Object(App\Http\Controllers\Home\IndexController), Object(Illuminate\Routing\Route), Object(Illuminate\Http\Request), 'index')
#28 F:\XNJ\PhpStudy\WWW\php32\vendor\laravel\framework\src\Illuminate\Routing\Route.php(174): Illuminate\Routing\ControllerDispatcher->dispatch(Object(Illuminate\Routing\Route), Object(Illuminate\Http\Request), 'App\\Http\\Contro...', 'index')
#29 F:\XNJ\PhpStudy\WWW\php32\vendor\laravel\framework\src\Illuminate\Routing\Route.php(140): Illuminate\Routing\Route->runController(Object(Illuminate\Http\Request))
#30 F:\XNJ\PhpStudy\WWW\php32\vendor\laravel\framework\src\Illuminate\Routing\Router.php(724): Illuminate\Routing\Route->run(Object(Illuminate\Http\Request))
#31 [internal function]: Illuminate\Routing\Router->Illuminate\Routing\{closure}(Object(Illuminate\Http\Request))
#32 F:\XNJ\PhpStudy\WWW\php32\vendor\laravel\framework\src\Illuminate\Routing\Pipeline.php(52): call_user_func(Object(Closure), Object(Illuminate\Http\Request))
#33 F:\XNJ\PhpStudy\WWW\php32\vendor\laravel\framework\src\Illuminate\Foundation\Http\Middleware\VerifyCsrfToken.php(64): Illuminate\Routing\Pipeline->Illuminate\Routing\{closure}(Object(Illuminate\Http\Request))
#34 [internal function]: Illuminate\Foundation\Http\Middleware\VerifyCsrfToken->handle(Object(Illuminate\Http\Request), Object(Closure))
#35 F:\XNJ\PhpStudy\WWW\php32\vendor\laravel\framework\src\Illuminate\Pipeline\Pipeline.php(136): call_user_func_array(Array, Array)
#36 [internal function]: Illuminate\Pipeline\Pipeline->Illuminate\Pipeline\{closure}(Object(Illuminate\Http\Request))
#37 F:\XNJ\PhpStudy\WWW\php32\vendor\laravel\framework\src\Illuminate\Routing\Pipeline.php(32): call_user_func(Object(Closure), Object(Illuminate\Http\Request))
#38 F:\XNJ\PhpStudy\WWW\php32\vendor\laravel\framework\src\Illuminate\View\Middleware\ShareErrorsFromSession.php(49): Illuminate\Routing\Pipeline->Illuminate\Routing\{closure}(Object(Illuminate\Http\Request))
#39 [internal function]: Illuminate\View\Middleware\ShareErrorsFromSession->handle(Object(Illuminate\Http\Request), Object(Closure))
#40 F:\XNJ\PhpStudy\WWW\php32\vendor\laravel\framework\src\Illuminate\Pipeline\Pipeline.php(136): call_user_func_array(Array, Array)
#41 [internal function]: Illuminate\Pipeline\Pipeline->Illuminate\Pipeline\{closure}(Object(Illuminate\Http\Request))
#42 F:\XNJ\PhpStudy\WWW\php32\vendor\laravel\framework\src\Illuminate\Routing\Pipeline.php(32): call_user_func(Object(Closure), Object(Illuminate\Http\Request))
#43 F:\XNJ\PhpStudy\WWW\php32\vendor\laravel\framework\src\Illuminate\Session\Middleware\StartSession.php(62): Illuminate\Routing\Pipeline->Illuminate\Routing\{closure}(Object(Illuminate\Http\Request))
#44 [internal function]: Illuminate\Session\Middleware\StartSession->handle(Object(Illuminate\Http\Request), Object(Closure))
#45 F:\XNJ\PhpStudy\WWW\php32\vendor\laravel\framework\src\Illuminate\Pipeline\Pipeline.php(136): call_user_func_array(Array, Array)
#46 [internal function]: Illuminate\Pipeline\Pipeline->Illuminate\Pipeline\{closure}(Object(Illuminate\Http\Request))
#47 F:\XNJ\PhpStudy\WWW\php32\vendor\laravel\framework\src\Illuminate\Routing\Pipeline.php(32): call_user_func(Object(Closure), Object(Illuminate\Http\Request))
#48 F:\XNJ\PhpStudy\WWW\php32\vendor\laravel\framework\src\Illuminate\Cookie\Middleware\AddQueuedCookiesToResponse.php(37): Illuminate\Routing\Pipeline->Illuminate\Routing\{closure}(Object(Illuminate\Http\Request))
#49 [internal function]: Illuminate\Cookie\Middleware\AddQueuedCookiesToResponse->handle(Object(Illuminate\Http\Request), Object(Closure))
#50 F:\XNJ\PhpStudy\WWW\php32\vendor\laravel\framework\src\Illuminate\Pipeline\Pipeline.php(136): call_user_func_array(Array, Array)
#51 [internal function]: Illuminate\Pipeline\Pipeline->Illuminate\Pipeline\{closure}(Object(Illuminate\Http\Request))
#52 F:\XNJ\PhpStudy\WWW\php32\vendor\laravel\framework\src\Illuminate\Routing\Pipeline.php(32): call_user_func(Object(Closure), Object(Illuminate\Http\Request))
#53 F:\XNJ\PhpStudy\WWW\php32\vendor\laravel\framework\src\Illuminate\Cookie\Middleware\EncryptCookies.php(59): Illuminate\Routing\Pipeline->Illuminate\Routing\{closure}(Object(Illuminate\Http\Request))
#54 [internal function]: Illuminate\Cookie\Middleware\EncryptCookies->handle(Object(Illuminate\Http\Request), Object(Closure))
#55 F:\XNJ\PhpStudy\WWW\php32\vendor\laravel\framework\src\Illuminate\Pipeline\Pipeline.php(136): call_user_func_array(Array, Array)
#56 [internal function]: Illuminate\Pipeline\Pipeline->Illuminate\Pipeline\{closure}(Object(Illuminate\Http\Request))
#57 F:\XNJ\PhpStudy\WWW\php32\vendor\laravel\framework\src\Illuminate\Routing\Pipeline.php(32): call_user_func(Object(Closure), Object(Illuminate\Http\Request))
#58 [internal function]: Illuminate\Routing\Pipeline->Illuminate\Routing\{closure}(Object(Illuminate\Http\Request))
#59 F:\XNJ\PhpStudy\WWW\php32\vendor\laravel\framework\src\Illuminate\Pipeline\Pipeline.php(103): call_user_func(Object(Closure), Object(Illuminate\Http\Request))
#60 F:\XNJ\PhpStudy\WWW\php32\vendor\laravel\framework\src\Illuminate\Routing\Router.php(726): Illuminate\Pipeline\Pipeline->then(Object(Closure))
#61 F:\XNJ\PhpStudy\WWW\php32\vendor\laravel\framework\src\Illuminate\Routing\Router.php(699): Illuminate\Routing\Router->runRouteWithinStack(Object(Illuminate\Routing\Route), Object(Illuminate\Http\Request))
#62 F:\XNJ\PhpStudy\WWW\php32\vendor\laravel\framework\src\Illuminate\Routing\Router.php(675): Illuminate\Routing\Router->dispatchToRoute(Object(Illuminate\Http\Request))
#63 F:\XNJ\PhpStudy\WWW\php32\vendor\laravel\framework\src\Illuminate\Foundation\Http\Kernel.php(246): Illuminate\Routing\Router->dispatch(Object(Illuminate\Http\Request))
#64 [internal function]: Illuminate\Foundation\Http\Kernel->Illuminate\Foundation\Http\{closure}(Object(Illuminate\Http\Request))
#65 F:\XNJ\PhpStudy\WWW\php32\vendor\laravel\framework\src\Illuminate\Routing\Pipeline.php(52): call_user_func(Object(Closure), Object(Illuminate\Http\Request))
#66 F:\XNJ\PhpStudy\WWW\php32\vendor\laravel\framework\src\Illuminate\Foundation\Http\Middleware\CheckForMaintenanceMode.php(44): Illuminate\Routing\Pipeline->Illuminate\Routing\{closure}(Object(Illuminate\Http\Request))
#67 [internal function]: Illuminate\Foundation\Http\Middleware\CheckForMaintenanceMode->handle(Object(Illuminate\Http\Request), Object(Closure))
#68 F:\XNJ\PhpStudy\WWW\php32\vendor\laravel\framework\src\Illuminate\Pipeline\Pipeline.php(136): call_user_func_array(Array, Array)
#69 [internal function]: Illuminate\Pipeline\Pipeline->Illuminate\Pipeline\{closure}(Object(Illuminate\Http\Request))
#70 F:\XNJ\PhpStudy\WWW\php32\vendor\laravel\framework\src\Illuminate\Routing\Pipeline.php(32): call_user_func(Object(Closure), Object(Illuminate\Http\Request))
#71 [internal function]: Illuminate\Routing\Pipeline->Illuminate\Routing\{closure}(Object(Illuminate\Http\Request))
#72 F:\XNJ\PhpStudy\WWW\php32\vendor\laravel\framework\src\Illuminate\Pipeline\Pipeline.php(103): call_user_func(Object(Closure), Object(Illuminate\Http\Request))
#73 F:\XNJ\PhpStudy\WWW\php32\vendor\laravel\framework\src\Illuminate\Foundation\Http\Kernel.php(132): Illuminate\Pipeline\Pipeline->then(Object(Closure))
#74 F:\XNJ\PhpStudy\WWW\php32\vendor\laravel\framework\src\Illuminate\Foundation\Http\Kernel.php(99): Illuminate\Foundation\Http\Kernel->sendRequestThroughRouter(Object(Illuminate\Http\Request))
#75 F:\XNJ\PhpStudy\WWW\php32\public\index.php(54): Illuminate\Foundation\Http\Kernel->handle(Object(Illuminate\Http\Request))
#76 F:\XNJ\PhpStudy\WWW\php32\index.php(21): require_once('F:\\XNJ\\PhpStudy...')
#77 {main}  
[2017-08-14 10:32:42] local.ERROR: exception 'PDOException' with message 'SQLSTATE[HY000] [1045] Access denied for user 'root'@'localhost' (using password: YES)' in F:\XNJ\PhpStudy\WWW\php32\vendor\laravel\framework\src\Illuminate\Database\Connectors\Connector.php:55
Stack trace:
#0 F:\XNJ\PhpStudy\WWW\php32\vendor\laravel\framework\src\Illuminate\Database\Connectors\Connector.php(55): PDO->__construct('mysql:host=127....', 'root', 'root', Array)
#1 F:\XNJ\PhpStudy\WWW\php32\vendor\laravel\framework\src\Illuminate\Database\Connectors\MySqlConnector.php(24): Illuminate\Database\Connectors\Connector->createConnection('mysql:host=127....', Array, Array)
#2 F:\XNJ\PhpStudy\WWW\php32\vendor\laravel\framework\src\Illuminate\Database\Connectors\ConnectionFactory.php(61): Illuminate\Database\Connectors\MySqlConnector->connect(Array)
#3 [internal function]: Illuminate\Database\Connectors\ConnectionFactory->Illuminate\Database\Connectors\{closure}()
#4 F:\XNJ\PhpStudy\WWW\php32\vendor\laravel\framework\src\Illuminate\Database\Connection.php(908): call_user_func(Object(Closure))
#5 F:\XNJ\PhpStudy\WWW\php32\vendor\laravel\framework\src\Illuminate\Database\Connection.php(776): Illuminate\Database\Connection->getPdo()
#6 F:\XNJ\PhpStudy\WWW\php32\vendor\laravel\framework\src\Illuminate\Database\Connection.php(661): Illuminate\Database\Connection->reconnectIfMissingConnection()
#7 F:\XNJ\PhpStudy\WWW\php32\vendor\laravel\framework\src\Illuminate\Database\Connection.php(342): Illuminate\Database\Connection->run('select * from `...', Array, Object(Closure))
#8 F:\XNJ\PhpStudy\WWW\php32\vendor\laravel\framework\src\Illuminate\Database\Query\Builder.php(1583): Illuminate\Database\Connection->select('select * from `...', Array, true)
#9 F:\XNJ\PhpStudy\WWW\php32\vendor\laravel\framework\src\Illuminate\Database\Query\Builder.php(1569): Illuminate\Database\Query\Builder->runSelect()
#10 F:\XNJ\PhpStudy\WWW\php32\vendor\laravel\framework\src\Illuminate\Database\Eloquent\Builder.php(624): Illuminate\Database\Query\Builder->get(Array)
#11 F:\XNJ\PhpStudy\WWW\php32\vendor\laravel\framework\src\Illuminate\Database\Eloquent\Builder.php(316): Illuminate\Database\Eloquent\Builder->getModels(Array)
#12 [internal function]: Illuminate\Database\Eloquent\Builder->get()
#13 F:\XNJ\PhpStudy\WWW\php32\vendor\laravel\framework\src\Illuminate\Database\Eloquent\Model.php(3506): call_user_func_array(Array, Array)
#14 F:\XNJ\PhpStudy\WWW\php32\app\Http\Model\Category.php(35): Illuminate\Database\Eloquent\Model->__call('get', Array)
#15 F:\XNJ\PhpStudy\WWW\php32\app\Http\Model\Category.php(35): App\Http\Model\Category->get()
#16 F:\XNJ\PhpStudy\WWW\php32\app\Http\Model\Category.php(46): App\Http\Model\Category->getTree()
#17 F:\XNJ\PhpStudy\WWW\php32\app\Http\Controllers\Home\IndexController.php(28): App\Http\Model\Category->handle_category_data()
#18 [internal function]: App\Http\Controllers\Home\IndexController->index(Object(Illuminate\Http\Request))
#19 F:\XNJ\PhpStudy\WWW\php32\vendor\laravel\framework\src\Illuminate\Routing\Controller.php(80): call_user_func_array(Array, Array)
#20 F:\XNJ\PhpStudy\WWW\php32\vendor\laravel\framework\src\Illuminate\Routing\ControllerDispatcher.php(146): Illuminate\Routing\Controller->callAction('index', Array)
#21 F:\XNJ\PhpStudy\WWW\php32\vendor\laravel\framework\src\Illuminate\Routing\ControllerDispatcher.php(94): Illuminate\Routing\ControllerDispatcher->call(Object(App\Http\Controllers\Home\IndexController), Object(Illuminate\Routing\Route), 'index')
#22 [internal function]: Illuminate\Routing\ControllerDispatcher->Illuminate\Routing\{closure}(Object(Illuminate\Http\Request))
#23 F:\XNJ\PhpStudy\WWW\php32\vendor\laravel\framework\src\Illuminate\Routing\Pipeline.php(52): call_user_func(Object(Closure), Object(Illuminate\Http\Request))
#24 [internal function]: Illuminate\Routing\Pipeline->Illuminate\Routing\{closure}(Object(Illuminate\Http\Request))
#25 F:\XNJ\PhpStudy\WWW\php32\vendor\laravel\framework\src\Illuminate\Pipeline\Pipeline.php(103): call_user_func(Object(Closure), Object(Illuminate\Http\Request))
#26 F:\XNJ\PhpStudy\WWW\php32\vendor\laravel\framework\src\Illuminate\Routing\ControllerDispatcher.php(96): Illuminate\Pipeline\Pipeline->then(Object(Closure))
#27 F:\XNJ\PhpStudy\WWW\php32\vendor\laravel\framework\src\Illuminate\Routing\ControllerDispatcher.php(54): Illuminate\Routing\ControllerDispatcher->callWithinStack(Object(App\Http\Controllers\Home\IndexController), Object(Illuminate\Routing\Route), Object(Illuminate\Http\Request), 'index')
#28 F:\XNJ\PhpStudy\WWW\php32\vendor\laravel\framework\src\Illuminate\Routing\Route.php(174): Illuminate\Routing\ControllerDispatcher->dispatch(Object(Illuminate\Routing\Route), Object(Illuminate\Http\Request), 'App\\Http\\Contro...', 'index')
#29 F:\XNJ\PhpStudy\WWW\php32\vendor\laravel\framework\src\Illuminate\Routing\Route.php(140): Illuminate\Routing\Route->runController(Object(Illuminate\Http\Request))
#30 F:\XNJ\PhpStudy\WWW\php32\vendor\laravel\framework\src\Illuminate\Routing\Router.php(724): Illuminate\Routing\Route->run(Object(Illuminate\Http\Request))
#31 [internal function]: Illuminate\Routing\Router->Illuminate\Routing\{closure}(Object(Illuminate\Http\Request))
#32 F:\XNJ\PhpStudy\WWW\php32\vendor\laravel\framework\src\Illuminate\Routing\Pipeline.php(52): call_user_func(Object(Closure), Object(Illuminate\Http\Request))
#33 F:\XNJ\PhpStudy\WWW\php32\vendor\laravel\framework\src\Illuminate\Foundation\Http\Middleware\VerifyCsrfToken.php(64): Illuminate\Routing\Pipeline->Illuminate\Routing\{closure}(Object(Illuminate\Http\Request))
#34 [internal function]: Illuminate\Foundation\Http\Middleware\VerifyCsrfToken->handle(Object(Illuminate\Http\Request), Object(Closure))
#35 F:\XNJ\PhpStudy\WWW\php32\vendor\laravel\framework\src\Illuminate\Pipeline\Pipeline.php(136): call_user_func_array(Array, Array)
#36 [internal function]: Illuminate\Pipeline\Pipeline->Illuminate\Pipeline\{closure}(Object(Illuminate\Http\Request))
#37 F:\XNJ\PhpStudy\WWW\php32\vendor\laravel\framework\src\Illuminate\Routing\Pipeline.php(32): call_user_func(Object(Closure), Object(Illuminate\Http\Request))
#38 F:\XNJ\PhpStudy\WWW\php32\vendor\laravel\framework\src\Illuminate\View\Middleware\ShareErrorsFromSession.php(49): Illuminate\Routing\Pipeline->Illuminate\Routing\{closure}(Object(Illuminate\Http\Request))
#39 [internal function]: Illuminate\View\Middleware\ShareErrorsFromSession->handle(Object(Illuminate\Http\Request), Object(Closure))
#40 F:\XNJ\PhpStudy\WWW\php32\vendor\laravel\framework\src\Illuminate\Pipeline\Pipeline.php(136): call_user_func_array(Array, Array)
#41 [internal function]: Illuminate\Pipeline\Pipeline->Illuminate\Pipeline\{closure}(Object(Illuminate\Http\Request))
#42 F:\XNJ\PhpStudy\WWW\php32\vendor\laravel\framework\src\Illuminate\Routing\Pipeline.php(32): call_user_func(Object(Closure), Object(Illuminate\Http\Request))
#43 F:\XNJ\PhpStudy\WWW\php32\vendor\laravel\framework\src\Illuminate\Session\Middleware\StartSession.php(62): Illuminate\Routing\Pipeline->Illuminate\Routing\{closure}(Object(Illuminate\Http\Request))
#44 [internal function]: Illuminate\Session\Middleware\StartSession->handle(Object(Illuminate\Http\Request), Object(Closure))
#45 F:\XNJ\PhpStudy\WWW\php32\vendor\laravel\framework\src\Illuminate\Pipeline\Pipeline.php(136): call_user_func_array(Array, Array)
#46 [internal function]: Illuminate\Pipeline\Pipeline->Illuminate\Pipeline\{closure}(Object(Illuminate\Http\Request))
#47 F:\XNJ\PhpStudy\WWW\php32\vendor\laravel\framework\src\Illuminate\Routing\Pipeline.php(32): call_user_func(Object(Closure), Object(Illuminate\Http\Request))
#48 F:\XNJ\PhpStudy\WWW\php32\vendor\laravel\framework\src\Illuminate\Cookie\Middleware\AddQueuedCookiesToResponse.php(37): Illuminate\Routing\Pipeline->Illuminate\Routing\{closure}(Object(Illuminate\Http\Request))
#49 [internal function]: Illuminate\Cookie\Middleware\AddQueuedCookiesToResponse->handle(Object(Illuminate\Http\Request), Object(Closure))
#50 F:\XNJ\PhpStudy\WWW\php32\vendor\laravel\framework\src\Illuminate\Pipeline\Pipeline.php(136): call_user_func_array(Array, Array)
#51 [internal function]: Illuminate\Pipeline\Pipeline->Illuminate\Pipeline\{closure}(Object(Illuminate\Http\Request))
#52 F:\XNJ\PhpStudy\WWW\php32\vendor\laravel\framework\src\Illuminate\Routing\Pipeline.php(32): call_user_func(Object(Closure), Object(Illuminate\Http\Request))
#53 F:\XNJ\PhpStudy\WWW\php32\vendor\laravel\framework\src\Illuminate\Cookie\Middleware\EncryptCookies.php(59): Illuminate\Routing\Pipeline->Illuminate\Routing\{closure}(Object(Illuminate\Http\Request))
#54 [internal function]: Illuminate\Cookie\Middleware\EncryptCookies->handle(Object(Illuminate\Http\Request), Object(Closure))
#55 F:\XNJ\PhpStudy\WWW\php32\vendor\laravel\framework\src\Illuminate\Pipeline\Pipeline.php(136): call_user_func_array(Array, Array)
#56 [internal function]: Illuminate\Pipeline\Pipeline->Illuminate\Pipeline\{closure}(Object(Illuminate\Http\Request))
#57 F:\XNJ\PhpStudy\WWW\php32\vendor\laravel\framework\src\Illuminate\Routing\Pipeline.php(32): call_user_func(Object(Closure), Object(Illuminate\Http\Request))
#58 [internal function]: Illuminate\Routing\Pipeline->Illuminate\Routing\{closure}(Object(Illuminate\Http\Request))
#59 F:\XNJ\PhpStudy\WWW\php32\vendor\laravel\framework\src\Illuminate\Pipeline\Pipeline.php(103): call_user_func(Object(Closure), Object(Illuminate\Http\Request))
#60 F:\XNJ\PhpStudy\WWW\php32\vendor\laravel\framework\src\Illuminate\Routing\Router.php(726): Illuminate\Pipeline\Pipeline->then(Object(Closure))
#61 F:\XNJ\PhpStudy\WWW\php32\vendor\laravel\framework\src\Illuminate\Routing\Router.php(699): Illuminate\Routing\Router->runRouteWithinStack(Object(Illuminate\Routing\Route), Object(Illuminate\Http\Request))
#62 F:\XNJ\PhpStudy\WWW\php32\vendor\laravel\framework\src\Illuminate\Routing\Router.php(675): Illuminate\Routing\Router->dispatchToRoute(Object(Illuminate\Http\Request))
#63 F:\XNJ\PhpStudy\WWW\php32\vendor\laravel\framework\src\Illuminate\Foundation\Http\Kernel.php(246): Illuminate\Routing\Router->dispatch(Object(Illuminate\Http\Request))
#64 [internal function]: Illuminate\Foundation\Http\Kernel->Illuminate\Foundation\Http\{closure}(Object(Illuminate\Http\Request))
#65 F:\XNJ\PhpStudy\WWW\php32\vendor\laravel\framework\src\Illuminate\Routing\Pipeline.php(52): call_user_func(Object(Closure), Object(Illuminate\Http\Request))
#66 F:\XNJ\PhpStudy\WWW\php32\vendor\laravel\framework\src\Illuminate\Foundation\Http\Middleware\CheckForMaintenanceMode.php(44): Illuminate\Routing\Pipeline->Illuminate\Routing\{closure}(Object(Illuminate\Http\Request))
#67 [internal function]: Illuminate\Foundation\Http\Middleware\CheckForMaintenanceMode->handle(Object(Illuminate\Http\Request), Object(Closure))
#68 F:\XNJ\PhpStudy\WWW\php32\vendor\laravel\framework\src\Illuminate\Pipeline\Pipeline.php(136): call_user_func_array(Array, Array)
#69 [internal function]: Illuminate\Pipeline\Pipeline->Illuminate\Pipeline\{closure}(Object(Illuminate\Http\Request))
#70 F:\XNJ\PhpStudy\WWW\php32\vendor\laravel\framework\src\Illuminate\Routing\Pipeline.php(32): call_user_func(Object(Closure), Object(Illuminate\Http\Request))
#71 [internal function]: Illuminate\Routing\Pipeline->Illuminate\Routing\{closure}(Object(Illuminate\Http\Request))
#72 F:\XNJ\PhpStudy\WWW\php32\vendor\laravel\framework\src\Illuminate\Pipeline\Pipeline.php(103): call_user_func(Object(Closure), Object(Illuminate\Http\Request))
#73 F:\XNJ\PhpStudy\WWW\php32\vendor\laravel\framework\src\Illuminate\Foundation\Http\Kernel.php(132): Illuminate\Pipeline\Pipeline->then(Object(Closure))
#74 F:\XNJ\PhpStudy\WWW\php32\vendor\laravel\framework\src\Illuminate\Foundation\Http\Kernel.php(99): Illuminate\Foundation\Http\Kernel->sendRequestThroughRouter(Object(Illuminate\Http\Request))
#75 F:\XNJ\PhpStudy\WWW\php32\public\index.php(54): Illuminate\Foundation\Http\Kernel->handle(Object(Illuminate\Http\Request))
#76 F:\XNJ\PhpStudy\WWW\php32\index.php(21): require_once('F:\\XNJ\\PhpStudy...')
#77 {main}  
